<?xml version="1.0" encoding="UTF-8"?>
<!-- Generated by org.testng.reporters.JUnitXMLReporter -->
<testsuite hostname="DESKTOP-3SJIT6V" ignored="0" name="Default test" tests="3" failures="0" timestamp="03 May 2019 11:20:47 GMT" time="32.656" errors="0">
  <testcase name="FlightCheck" time="12.655" classname="Naveen.NaveenCodingChallenge2.testcases.MMTTestCases"/>
  <testcase name="GetAllFlights" time="4.175" classname="Naveen.NaveenCodingChallenge2.testcases.MMTTestCases"/>
  <testcase name="ExtractToptenFlights" time="1.322" classname="Naveen.NaveenCodingChallenge2.testcases.MMTTestCases"/>
</testsuite> <!-- Default test -->
