<?xml version="1.0" encoding="UTF-8"?>
<testng-results skipped="0" failed="0" ignored="0" total="2" passed="2">
  <reporter-output>
  </reporter-output>
  <suite name="Default suite" duration-ms="88" started-at="2019-05-06T10:50:02Z" finished-at="2019-05-06T10:50:02Z">
    <groups>
    </groups>
    <test name="Default test" duration-ms="88" started-at="2019-05-06T10:50:02Z" finished-at="2019-05-06T10:50:02Z">
      <class name="Naveen.NaveenCodingChallenge2.testcases.date">
        <test-method status="PASS" signature="Getcurr()[pri:1, instance:Naveen.NaveenCodingChallenge2.testcases.date@1e88b3c]" name="Getcurr" duration-ms="47" started-at="2019-05-06T10:50:02Z" finished-at="2019-05-06T10:50:02Z">
          <reporter-output>
          </reporter-output>
        </test-method> <!-- Getcurr -->
        <test-method status="PASS" signature="Afterdate()[pri:2, instance:Naveen.NaveenCodingChallenge2.testcases.date@1e88b3c]" name="Afterdate" duration-ms="0" started-at="2019-05-06T10:50:02Z" finished-at="2019-05-06T10:50:02Z">
          <reporter-output>
          </reporter-output>
        </test-method> <!-- Afterdate -->
      </class> <!-- Naveen.NaveenCodingChallenge2.testcases.date -->
    </test> <!-- Default test -->
  </suite> <!-- Default suite -->
</testng-results>
