<?xml version="1.0" encoding="UTF-8"?>
<!-- Generated by org.testng.reporters.JUnitXMLReporter -->
<testsuite hostname="DESKTOP-3SJIT6V" ignored="0" name="Zoopla Test" tests="2" failures="0" timestamp="29 Apr 2019 13:26:09 GMT" time="37.927" errors="0">
  <testcase name="FlightCheck" time="12.909" classname="Naveen.NaveenCodingChallenge2.testcases.MMTTestCases"/>
  <testcase name="GetAllFlights" time="1.562" classname="Naveen.NaveenCodingChallenge2.testcases.MMTTestCases"/>
</testsuite> <!-- Zoopla Test -->
